2020-08-08 15:54:28,258 Hello! This is Joey-NMT.
2020-08-08 15:54:29,228 Total params: 471050
2020-08-08 15:54:29,229 Trainable parameters: ['decoder.layer_norm.bias', 'decoder.layer_norm.weight', 'decoder.layers.0.dec_layer_norm.bias', 'decoder.layers.0.dec_layer_norm.weight', 'decoder.layers.0.feed_forward.layer_norm.bias', 'decoder.layers.0.feed_forward.layer_norm.weight', 'decoder.layers.0.feed_forward.pwff_layer.0.bias', 'decoder.layers.0.feed_forward.pwff_layer.0.weight', 'decoder.layers.0.feed_forward.pwff_layer.3.bias', 'decoder.layers.0.feed_forward.pwff_layer.3.weight', 'decoder.layers.0.src_trg_att.k_layer.bias', 'decoder.layers.0.src_trg_att.k_layer.weight', 'decoder.layers.0.src_trg_att.output_layer.bias', 'decoder.layers.0.src_trg_att.output_layer.weight', 'decoder.layers.0.src_trg_att.q_layer.bias', 'decoder.layers.0.src_trg_att.q_layer.weight', 'decoder.layers.0.src_trg_att.v_layer.bias', 'decoder.layers.0.src_trg_att.v_layer.weight', 'decoder.layers.0.trg_trg_att.k_layer.bias', 'decoder.layers.0.trg_trg_att.k_layer.weight', 'decoder.layers.0.trg_trg_att.output_layer.bias', 'decoder.layers.0.trg_trg_att.output_layer.weight', 'decoder.layers.0.trg_trg_att.q_layer.bias', 'decoder.layers.0.trg_trg_att.q_layer.weight', 'decoder.layers.0.trg_trg_att.v_layer.bias', 'decoder.layers.0.trg_trg_att.v_layer.weight', 'decoder.layers.0.x_layer_norm.bias', 'decoder.layers.0.x_layer_norm.weight', 'decoder.layers.1.dec_layer_norm.bias', 'decoder.layers.1.dec_layer_norm.weight', 'decoder.layers.1.feed_forward.layer_norm.bias', 'decoder.layers.1.feed_forward.layer_norm.weight', 'decoder.layers.1.feed_forward.pwff_layer.0.bias', 'decoder.layers.1.feed_forward.pwff_layer.0.weight', 'decoder.layers.1.feed_forward.pwff_layer.3.bias', 'decoder.layers.1.feed_forward.pwff_layer.3.weight', 'decoder.layers.1.src_trg_att.k_layer.bias', 'decoder.layers.1.src_trg_att.k_layer.weight', 'decoder.layers.1.src_trg_att.output_layer.bias', 'decoder.layers.1.src_trg_att.output_layer.weight', 'decoder.layers.1.src_trg_att.q_layer.bias', 'decoder.layers.1.src_trg_att.q_layer.weight', 'decoder.layers.1.src_trg_att.v_layer.bias', 'decoder.layers.1.src_trg_att.v_layer.weight', 'decoder.layers.1.trg_trg_att.k_layer.bias', 'decoder.layers.1.trg_trg_att.k_layer.weight', 'decoder.layers.1.trg_trg_att.output_layer.bias', 'decoder.layers.1.trg_trg_att.output_layer.weight', 'decoder.layers.1.trg_trg_att.q_layer.bias', 'decoder.layers.1.trg_trg_att.q_layer.weight', 'decoder.layers.1.trg_trg_att.v_layer.bias', 'decoder.layers.1.trg_trg_att.v_layer.weight', 'decoder.layers.1.x_layer_norm.bias', 'decoder.layers.1.x_layer_norm.weight', 'decoder.layers.2.dec_layer_norm.bias', 'decoder.layers.2.dec_layer_norm.weight', 'decoder.layers.2.feed_forward.layer_norm.bias', 'decoder.layers.2.feed_forward.layer_norm.weight', 'decoder.layers.2.feed_forward.pwff_layer.0.bias', 'decoder.layers.2.feed_forward.pwff_layer.0.weight', 'decoder.layers.2.feed_forward.pwff_layer.3.bias', 'decoder.layers.2.feed_forward.pwff_layer.3.weight', 'decoder.layers.2.src_trg_att.k_layer.bias', 'decoder.layers.2.src_trg_att.k_layer.weight', 'decoder.layers.2.src_trg_att.output_layer.bias', 'decoder.layers.2.src_trg_att.output_layer.weight', 'decoder.layers.2.src_trg_att.q_layer.bias', 'decoder.layers.2.src_trg_att.q_layer.weight', 'decoder.layers.2.src_trg_att.v_layer.bias', 'decoder.layers.2.src_trg_att.v_layer.weight', 'decoder.layers.2.trg_trg_att.k_layer.bias', 'decoder.layers.2.trg_trg_att.k_layer.weight', 'decoder.layers.2.trg_trg_att.output_layer.bias', 'decoder.layers.2.trg_trg_att.output_layer.weight', 'decoder.layers.2.trg_trg_att.q_layer.bias', 'decoder.layers.2.trg_trg_att.q_layer.weight', 'decoder.layers.2.trg_trg_att.v_layer.bias', 'decoder.layers.2.trg_trg_att.v_layer.weight', 'decoder.layers.2.x_layer_norm.bias', 'decoder.layers.2.x_layer_norm.weight', 'encoder.layer_norm.bias', 'encoder.layer_norm.weight', 'encoder.layers.0.feed_forward.layer_norm.bias', 'encoder.layers.0.feed_forward.layer_norm.weight', 'encoder.layers.0.feed_forward.pwff_layer.0.bias', 'encoder.layers.0.feed_forward.pwff_layer.0.weight', 'encoder.layers.0.feed_forward.pwff_layer.3.bias', 'encoder.layers.0.feed_forward.pwff_layer.3.weight', 'encoder.layers.0.layer_norm.bias', 'encoder.layers.0.layer_norm.weight', 'encoder.layers.0.src_src_att.k_layer.bias', 'encoder.layers.0.src_src_att.k_layer.weight', 'encoder.layers.0.src_src_att.output_layer.bias', 'encoder.layers.0.src_src_att.output_layer.weight', 'encoder.layers.0.src_src_att.q_layer.bias', 'encoder.layers.0.src_src_att.q_layer.weight', 'encoder.layers.0.src_src_att.v_layer.bias', 'encoder.layers.0.src_src_att.v_layer.weight', 'encoder.layers.1.feed_forward.layer_norm.bias', 'encoder.layers.1.feed_forward.layer_norm.weight', 'encoder.layers.1.feed_forward.pwff_layer.0.bias', 'encoder.layers.1.feed_forward.pwff_layer.0.weight', 'encoder.layers.1.feed_forward.pwff_layer.3.bias', 'encoder.layers.1.feed_forward.pwff_layer.3.weight', 'encoder.layers.1.layer_norm.bias', 'encoder.layers.1.layer_norm.weight', 'encoder.layers.1.src_src_att.k_layer.bias', 'encoder.layers.1.src_src_att.k_layer.weight', 'encoder.layers.1.src_src_att.output_layer.bias', 'encoder.layers.1.src_src_att.output_layer.weight', 'encoder.layers.1.src_src_att.q_layer.bias', 'encoder.layers.1.src_src_att.q_layer.weight', 'encoder.layers.1.src_src_att.v_layer.bias', 'encoder.layers.1.src_src_att.v_layer.weight', 'encoder.layers.2.feed_forward.layer_norm.bias', 'encoder.layers.2.feed_forward.layer_norm.weight', 'encoder.layers.2.feed_forward.pwff_layer.0.bias', 'encoder.layers.2.feed_forward.pwff_layer.0.weight', 'encoder.layers.2.feed_forward.pwff_layer.3.bias', 'encoder.layers.2.feed_forward.pwff_layer.3.weight', 'encoder.layers.2.layer_norm.bias', 'encoder.layers.2.layer_norm.weight', 'encoder.layers.2.src_src_att.k_layer.bias', 'encoder.layers.2.src_src_att.k_layer.weight', 'encoder.layers.2.src_src_att.output_layer.bias', 'encoder.layers.2.src_src_att.output_layer.weight', 'encoder.layers.2.src_src_att.q_layer.bias', 'encoder.layers.2.src_src_att.q_layer.weight', 'encoder.layers.2.src_src_att.v_layer.bias', 'encoder.layers.2.src_src_att.v_layer.weight', 'trg_embed.lut.weight']
2020-08-08 15:54:29,230 cfg.name                           : my_experiment
2020-08-08 15:54:29,230 cfg.data.src                       : data
2020-08-08 15:54:29,230 cfg.data.trg                       : en
2020-08-08 15:54:29,230 cfg.data.train                     : /home/dhruva/Desktop/CopyCat/Deep-Learning-for-ASLR/Transformers/test/data/asl/train
2020-08-08 15:54:29,230 cfg.data.dev                       : /home/dhruva/Desktop/CopyCat/Deep-Learning-for-ASLR/Transformers/test/data/asl/dev
2020-08-08 15:54:29,230 cfg.data.test                      : /home/dhruva/Desktop/CopyCat/Deep-Learning-for-ASLR/Transformers/test/data/asl/test
2020-08-08 15:54:29,230 cfg.data.level                     : word
2020-08-08 15:54:29,230 cfg.data.lowercase                 : True
2020-08-08 15:54:29,230 cfg.data.max_src_length            : 400
2020-08-08 15:54:29,231 cfg.data.max_trg_length            : 7
2020-08-08 15:54:29,231 cfg.data.src_voc_min_freq          : 1
2020-08-08 15:54:29,231 cfg.data.src_voc_limit             : 101
2020-08-08 15:54:29,231 cfg.data.trg_voc_min_freq          : 1
2020-08-08 15:54:29,231 cfg.data.trg_voc_limit             : 102
2020-08-08 15:54:29,231 cfg.testing.beam_size              : 5
2020-08-08 15:54:29,231 cfg.testing.alpha                  : 1.0
2020-08-08 15:54:29,231 cfg.training.reset_best_ckpt       : False
2020-08-08 15:54:29,231 cfg.training.reset_scheduler       : False
2020-08-08 15:54:29,231 cfg.training.reset_optimizer       : False
2020-08-08 15:54:29,231 cfg.training.random_seed           : 42
2020-08-08 15:54:29,231 cfg.training.optimizer             : adam
2020-08-08 15:54:29,231 cfg.training.adam_betas            : [0.9, 0.98]
2020-08-08 15:54:29,231 cfg.training.learning_rate         : 0.001
2020-08-08 15:54:29,231 cfg.training.learning_rate_min     : 1e-06
2020-08-08 15:54:29,231 cfg.training.learning_rate_factor  : 0.5
2020-08-08 15:54:29,231 cfg.training.learning_rate_warmup  : 1000
2020-08-08 15:54:29,231 cfg.training.weight_decay          : 0.0
2020-08-08 15:54:29,231 cfg.training.batch_size            : 250
2020-08-08 15:54:29,231 cfg.training.batch_type            : token
2020-08-08 15:54:29,231 cfg.training.batch_multiplier      : 1
2020-08-08 15:54:29,231 cfg.training.normalization         : batch
2020-08-08 15:54:29,231 cfg.training.scheduling            : noam
2020-08-08 15:54:29,231 cfg.training.epochs                : 10
2020-08-08 15:54:29,231 cfg.training.validation_freq       : 100
2020-08-08 15:54:29,232 cfg.training.logging_freq          : 10
2020-08-08 15:54:29,232 cfg.training.eval_metric           : bleu
2020-08-08 15:54:29,232 cfg.training.early_stopping_metric : loss
2020-08-08 15:54:29,232 cfg.training.model_dir             : models/transformer
2020-08-08 15:54:29,232 cfg.training.overwrite             : True
2020-08-08 15:54:29,232 cfg.training.shuffle               : True
2020-08-08 15:54:29,232 cfg.training.use_cuda              : False
2020-08-08 15:54:29,232 cfg.training.max_output_length     : 31
2020-08-08 15:54:29,232 cfg.training.print_valid_sents     : [0, 1, 2]
2020-08-08 15:54:29,232 cfg.training.keep_last_ckpts       : 3
2020-08-08 15:54:29,232 cfg.training.label_smoothing       : 0.0
2020-08-08 15:54:29,232 cfg.model.initializer              : xavier
2020-08-08 15:54:29,232 cfg.model.init_gain                : 1.0
2020-08-08 15:54:29,232 cfg.model.bias_initializer         : zeros
2020-08-08 15:54:29,232 cfg.model.embed_initializer        : xavier
2020-08-08 15:54:29,232 cfg.model.embed_init_gain          : 1.0
2020-08-08 15:54:29,232 cfg.model.tied_embeddings          : False
2020-08-08 15:54:29,232 cfg.model.tied_softmax             : True
2020-08-08 15:54:29,232 cfg.model.encoder.type             : transformer
2020-08-08 15:54:29,232 cfg.model.encoder.num_layers       : 3
2020-08-08 15:54:29,232 cfg.model.encoder.num_heads        : 2
2020-08-08 15:54:29,232 cfg.model.encoder.embeddings.embedding_dim : 94
2020-08-08 15:54:29,232 cfg.model.encoder.embeddings.scale : True
2020-08-08 15:54:29,232 cfg.model.encoder.embeddings.freeze : False
2020-08-08 15:54:29,232 cfg.model.encoder.hidden_size      : 94
2020-08-08 15:54:29,232 cfg.model.encoder.ff_size          : 128
2020-08-08 15:54:29,233 cfg.model.encoder.dropout          : 0.1
2020-08-08 15:54:29,233 cfg.model.encoder.freeze           : False
2020-08-08 15:54:29,233 cfg.model.decoder.type             : transformer
2020-08-08 15:54:29,233 cfg.model.decoder.num_layers       : 3
2020-08-08 15:54:29,233 cfg.model.decoder.num_heads        : 2
2020-08-08 15:54:29,233 cfg.model.decoder.embeddings.embedding_dim : 94
2020-08-08 15:54:29,233 cfg.model.decoder.embeddings.scale : True
2020-08-08 15:54:29,233 cfg.model.decoder.embeddings.freeze : False
2020-08-08 15:54:29,233 cfg.model.decoder.hidden_size      : 94
2020-08-08 15:54:29,233 cfg.model.decoder.ff_size          : 128
2020-08-08 15:54:29,233 cfg.model.decoder.dropout          : 0.1
2020-08-08 15:54:29,233 cfg.model.decoder.freeze           : False
2020-08-08 15:54:29,233 Model(
	encoder=TransformerEncoder(num_layers=3, num_heads=2),
	decoder=TransformerDecoder(num_layers=3, num_heads=2),
	trg_embed=Embeddings(embedding_dim=94, vocab_size=7))
2020-08-08 15:54:29,235 EPOCH 1
2020-08-08 15:54:29,285 Epoch   1: total training loss 23.12
2020-08-08 15:54:29,286 EPOCH 2
2020-08-08 15:54:29,333 Epoch   2: total training loss 18.12
2020-08-08 15:54:29,333 EPOCH 3
2020-08-08 15:54:29,378 Epoch   3: total training loss 17.92
2020-08-08 15:54:29,379 EPOCH 4
2020-08-08 15:54:29,423 Epoch   4: total training loss 19.98
2020-08-08 15:54:29,423 EPOCH 5
2020-08-08 15:54:29,469 Epoch   5: total training loss 17.70
2020-08-08 15:54:29,470 EPOCH 6
2020-08-08 15:54:29,516 Epoch   6: total training loss 20.04
2020-08-08 15:54:29,516 EPOCH 7
2020-08-08 15:54:29,560 Epoch   7: total training loss 17.27
2020-08-08 15:54:29,560 EPOCH 8
2020-08-08 15:54:29,605 Epoch   8: total training loss 18.66
2020-08-08 15:54:29,605 EPOCH 9
2020-08-08 15:54:29,651 Epoch   9: total training loss 17.35
2020-08-08 15:54:29,651 EPOCH 10
2020-08-08 15:54:29,696 Epoch  10 Step:       10 Batch Loss:    18.675886 Tokens per Sec:       91, Lr: 0.000016
2020-08-08 15:54:29,696 Epoch  10: total training loss 18.68
2020-08-08 15:54:29,696 Training ended after  10 epochs.
2020-08-08 15:54:29,696 Best validation result (greedy) at step        0:    inf loss.
